Grammar

    0 $accept: start $end

    1 start: expr END

    2 expr: expr PLUS expr
    3     | '(' expr ')'
    4     | NUM


Terminals, with rules where they appear

$end (0) 0
'(' (40) 3
')' (41) 3
error (256)
NUM (258) 4
PLUS (259) 2
END (260) 1


Nonterminals, with rules where they appear

$accept (8)
    on left: 0
start (9)
    on left: 1, on right: 0
expr (10)
    on left: 2 3 4, on right: 1 2 3


State 0

    0 $accept: . start $end

    NUM  shift, and go to state 1
    '('  shift, and go to state 2

    start  go to state 3
    expr   go to state 4


State 1

    4 expr: NUM .

    $default  reduce using rule 4 (expr)


State 2

    3 expr: '(' . expr ')'

    NUM  shift, and go to state 1
    '('  shift, and go to state 2

    expr  go to state 5


State 3

    0 $accept: start . $end

    $end  shift, and go to state 6


State 4

    1 start: expr . END
    2 expr: expr . PLUS expr

    PLUS  shift, and go to state 7
    END   shift, and go to state 8


State 5

    2 expr: expr . PLUS expr
    3     | '(' expr . ')'

    PLUS  shift, and go to state 7
    ')'   shift, and go to state 9


State 6

    0 $accept: start $end .

    $default  accept


State 7

    2 expr: expr PLUS . expr

    NUM  shift, and go to state 1
    '('  shift, and go to state 2

    expr  go to state 10


State 8

    1 start: expr END .

    $default  reduce using rule 1 (start)


State 9

    3 expr: '(' expr ')' .

    $default  reduce using rule 3 (expr)


State 10

    2 expr: expr . PLUS expr
    2     | expr PLUS expr .

    $default  reduce using rule 2 (expr)
