Terminals unused in grammar

   INC
   DEC
   INT
   STR
   TUPLE
   CLASS
   ENDCLASS
   EXTENDS
   NEW
   DELETE
   SELF


Grammar

    0 $accept: start $end

    1 start: Program

    2 Program: %empty
    3        | TDeclBlock GDeclBlock FDefBlock MainBlock
    4        | TDeclBlock GDeclBlock MainBlock
    5        | TDeclBlock MainBlock
    6        | GDeclBlock FDefBlock MainBlock
    7        | GDeclBlock MainBlock
    8        | MainBlock

    9 TDeclBlock: TYPE TStructs ENDTYPE

   10 TStructs: TStructs TStruct
   11         | TStruct

   12 $@1: %empty

   13 $@2: %empty

   14 TStruct: ID $@1 '{' $@2 TFields '}'

   15 TFields: TFields TField
   16        | TField

   17 $@3: %empty

   18 TField: Type $@3 VList ';'

   19 VList: VList ',' Vid
   20      | Vid

   21 Vid: ID

   22 GDeclBlock: DECL GDeclList ENDDECL
   23           | DECL ENDDECL

   24 GDeclList: GDeclList GDecl
   25          | GDecl

   26 GDecl: Type GidList ';'

   27 Type: ID

   28 GidList: GidList ',' Gid
   29        | Gid

   30 Gid: ID
   31    | ID '[' NUM ']'

   32 $@4: %empty

   33 $@5: %empty

   34 Gid: ID '(' $@4 ParamList $@5 ')'

   35 $@6: %empty

   36 $@7: %empty

   37 Gid: MUL ID '(' $@6 ParamList $@7 ')'

   38 FDefBlock: FDefBlock FDef
   39          | FDef

   40 $@8: %empty

   41 $@9: %empty

   42 $@10: %empty

   43 $@11: %empty

   44 FDef: Type ID '(' $@8 ParamList ')' $@9 '{' $@10 LDeclBlock $@11 Body '}'

   45 ParamList: ParamList ',' Param
   46          | Param
   47          | %empty

   48 Param: Type Pid

   49 Pid: ID
   50    | MUL ID

   51 LDeclBlock: DECL LDecList ENDDECL
   52           | DECL ENDDECL
   53           | %empty

   54 LDecList: LDecList LDecl
   55         | LDecl

   56 LDecl: Type IdList ';'

   57 IdList: IdList ',' Lid
   58       | Lid

   59 Lid: ID

   60 $@12: %empty

   61 $@13: %empty

   62 $@14: %empty

   63 MainBlock: MAIN $@12 '(' ')' '{' $@13 LDeclBlock $@14 Body '}'

   64 Body: BEG Slist RETURN Expr ';' END
   65     | BEG RETURN Expr ';' END

   66 Slist: Slist Stmt
   67      | Stmt

   68 Stmt: READ '(' id ')' ';'
   69     | WRITE '(' Expr ')' ';'
   70     | WRITE STRING ';'
   71     | id EQ Expr ';'
   72     | IF '(' Bool ')' THEN Slist ELSE Slist ENDIF ';'
   73     | IF '(' Bool ')' THEN Slist ENDIF ';'
   74     | WHILE '(' Bool ')' DO Slist ENDWHILE ';'
   75     | REPEAT Slist UNTIL '(' Bool ')' ';'
   76     | DO Slist WHILE '(' Bool ')' ';'
   77     | BREAK ';'
   78     | CONTINUE ';'
   79     | BRKP ';'
   80     | EXIT ';'
   81     | INIT '(' ')' ';'
   82     | id EQ ALLOC '(' ')' ';'
   83     | FREE '(' id ')' ';'

   84 Expr: Expr PLUS Expr
   85     | Expr MINUS Expr
   86     | Expr MUL Expr
   87     | Expr DIV Expr
   88     | Expr MOD Expr
   89     | '(' Expr ')'
   90     | NUM
   91     | STRING
   92     | id
   93     | NUL
   94     | ID '(' ')'
   95     | ID '(' ArgList ')'

   96 ArgList: ArgList ',' Expr
   97        | Expr

   98 Bool: Expr LT Expr
   99     | Expr LE Expr
  100     | Expr GT Expr
  101     | Expr GE Expr
  102     | Expr EE Expr
  103     | Expr NE Expr
  104     | TRUE
  105     | FALSE
  106     | '(' Bool ')'
  107     | NOT Bool
  108     | Bool AND Bool
  109     | Bool OR Bool

  110 id: ID
  111   | ID '[' Expr ']'
  112   | MUL id
  113   | '&' id
  114   | Field

  115 Field: Field '.' ID
  116      | ID '.' ID


Terminals, with rules where they appear

$end (0) 0
'&' (38) 113
'(' (40) 34 37 44 63 68 69 72 73 74 75 76 81 82 83 89 94 95 106
')' (41) 34 37 44 63 68 69 72 73 74 75 76 81 82 83 89 94 95 106
',' (44) 19 28 45 57 96
'.' (46) 115 116
';' (59) 18 26 56 64 65 68 69 70 71 72 73 74 75 76 77 78 79 80 81 82
    83
'[' (91) 31 111
']' (93) 31 111
'{' (123) 14 44 63
'}' (125) 14 44 63
error (256)
NUM (258) 31 90
ID (259) 14 21 27 30 31 34 37 44 49 50 59 94 95 110 111 115 116
STRING (260) 70 91
PLUS (261) 84
MINUS (262) 85
MUL (263) 37 50 86 112
DIV (264) 87
MOD (265) 88
EQ (266) 71 82
INC (267)
DEC (268)
BEG (269) 64 65
END (270) 64 65
READ (271) 68
WRITE (272) 69 70
IF (273) 72 73
THEN (274) 72 73
ELSE (275) 72
ENDIF (276) 72 73
TRUE (277) 104
FALSE (278) 105
NOT (279) 107
WHILE (280) 74 76
DO (281) 74 76
ENDWHILE (282) 74
BREAK (283) 77
CONTINUE (284) 78
REPEAT (285) 75
UNTIL (286) 75
TYPE (287) 9
ENDTYPE (288) 9
DECL (289) 22 23 51 52
ENDDECL (290) 22 23 51 52
INT (291)
STR (292)
TUPLE (293)
MAIN (294) 63
RETURN (295) 64 65
BRKP (296) 79
EXIT (297) 80
AND (298) 108
OR (299) 109
INIT (300) 81
ALLOC (301) 82
FREE (302) 83
NUL (303) 93
CLASS (304)
ENDCLASS (305)
EXTENDS (306)
NEW (307)
DELETE (308)
SELF (309)
LT (310) 98
LE (311) 99
GT (312) 100
GE (313) 101
EE (314) 102
NE (315) 103


Nonterminals, with rules where they appear

$accept (71)
    on left: 0
start (72)
    on left: 1, on right: 0
Program (73)
    on left: 2 3 4 5 6 7 8, on right: 1
TDeclBlock (74)
    on left: 9, on right: 3 4 5
TStructs (75)
    on left: 10 11, on right: 9 10
TStruct (76)
    on left: 14, on right: 10 11
$@1 (77)
    on left: 12, on right: 14
$@2 (78)
    on left: 13, on right: 14
TFields (79)
    on left: 15 16, on right: 14 15
TField (80)
    on left: 18, on right: 15 16
$@3 (81)
    on left: 17, on right: 18
VList (82)
    on left: 19 20, on right: 18 19
Vid (83)
    on left: 21, on right: 19 20
GDeclBlock (84)
    on left: 22 23, on right: 3 4 6 7
GDeclList (85)
    on left: 24 25, on right: 22 24
GDecl (86)
    on left: 26, on right: 24 25
Type (87)
    on left: 27, on right: 18 26 44 48 56
GidList (88)
    on left: 28 29, on right: 26 28
Gid (89)
    on left: 30 31 34 37, on right: 28 29
$@4 (90)
    on left: 32, on right: 34
$@5 (91)
    on left: 33, on right: 34
$@6 (92)
    on left: 35, on right: 37
$@7 (93)
    on left: 36, on right: 37
FDefBlock (94)
    on left: 38 39, on right: 3 6 38
FDef (95)
    on left: 44, on right: 38 39
$@8 (96)
    on left: 40, on right: 44
$@9 (97)
    on left: 41, on right: 44
$@10 (98)
    on left: 42, on right: 44
$@11 (99)
    on left: 43, on right: 44
ParamList (100)
    on left: 45 46 47, on right: 34 37 44 45
Param (101)
    on left: 48, on right: 45 46
Pid (102)
    on left: 49 50, on right: 48
LDeclBlock (103)
    on left: 51 52 53, on right: 44 63
LDecList (104)
    on left: 54 55, on right: 51 54
LDecl (105)
    on left: 56, on right: 54 55
IdList (106)
    on left: 57 58, on right: 56 57
Lid (107)
    on left: 59, on right: 57 58
MainBlock (108)
    on left: 63, on right: 3 4 5 6 7 8
$@12 (109)
    on left: 60, on right: 63
$@13 (110)
    on left: 61, on right: 63
$@14 (111)
    on left: 62, on right: 63
Body (112)
    on left: 64 65, on right: 44 63
Slist (113)
    on left: 66 67, on right: 64 66 72 73 74 75 76
Stmt (114)
    on left: 68 69 70 71 72 73 74 75 76 77 78 79 80 81 82 83, on right:
    66 67
Expr (115)
    on left: 84 85 86 87 88 89 90 91 92 93 94 95, on right: 64 65 69
    71 84 85 86 87 88 89 96 97 98 99 100 101 102 103 111
ArgList (116)
    on left: 96 97, on right: 95 96
Bool (117)
    on left: 98 99 100 101 102 103 104 105 106 107 108 109, on right:
    72 73 74 75 76 106 107 108 109
id (118)
    on left: 110 111 112 113 114, on right: 68 71 82 83 92 112 113
Field (119)
    on left: 115 116, on right: 114 115


State 0

    0 $accept: . start $end

    TYPE  shift, and go to state 1
    DECL  shift, and go to state 2
    MAIN  shift, and go to state 3

    $default  reduce using rule 2 (Program)

    start       go to state 4
    Program     go to state 5
    TDeclBlock  go to state 6
    GDeclBlock  go to state 7
    MainBlock   go to state 8


State 1

    9 TDeclBlock: TYPE . TStructs ENDTYPE

    ID  shift, and go to state 9

    TStructs  go to state 10
    TStruct   go to state 11


State 2

   22 GDeclBlock: DECL . GDeclList ENDDECL
   23           | DECL . ENDDECL

    ID       shift, and go to state 12
    ENDDECL  shift, and go to state 13

    GDeclList  go to state 14
    GDecl      go to state 15
    Type       go to state 16


State 3

   63 MainBlock: MAIN . $@12 '(' ')' '{' $@13 LDeclBlock $@14 Body '}'

    $default  reduce using rule 60 ($@12)

    $@12  go to state 17


State 4

    0 $accept: start . $end

    $end  shift, and go to state 18


State 5

    1 start: Program .

    $default  reduce using rule 1 (start)


State 6

    3 Program: TDeclBlock . GDeclBlock FDefBlock MainBlock
    4        | TDeclBlock . GDeclBlock MainBlock
    5        | TDeclBlock . MainBlock

    DECL  shift, and go to state 2
    MAIN  shift, and go to state 3

    GDeclBlock  go to state 19
    MainBlock   go to state 20


State 7

    6 Program: GDeclBlock . FDefBlock MainBlock
    7        | GDeclBlock . MainBlock

    ID    shift, and go to state 12
    MAIN  shift, and go to state 3

    Type       go to state 21
    FDefBlock  go to state 22
    FDef       go to state 23
    MainBlock  go to state 24


State 8

    8 Program: MainBlock .

    $default  reduce using rule 8 (Program)


State 9

   14 TStruct: ID . $@1 '{' $@2 TFields '}'

    $default  reduce using rule 12 ($@1)

    $@1  go to state 25


State 10

    9 TDeclBlock: TYPE TStructs . ENDTYPE
   10 TStructs: TStructs . TStruct

    ID       shift, and go to state 9
    ENDTYPE  shift, and go to state 26

    TStruct  go to state 27


State 11

   11 TStructs: TStruct .

    $default  reduce using rule 11 (TStructs)


State 12

   27 Type: ID .

    $default  reduce using rule 27 (Type)


State 13

   23 GDeclBlock: DECL ENDDECL .

    $default  reduce using rule 23 (GDeclBlock)


State 14

   22 GDeclBlock: DECL GDeclList . ENDDECL
   24 GDeclList: GDeclList . GDecl

    ID       shift, and go to state 12
    ENDDECL  shift, and go to state 28

    GDecl  go to state 29
    Type   go to state 16


State 15

   25 GDeclList: GDecl .

    $default  reduce using rule 25 (GDeclList)


State 16

   26 GDecl: Type . GidList ';'

    ID   shift, and go to state 30
    MUL  shift, and go to state 31

    GidList  go to state 32
    Gid      go to state 33


State 17

   63 MainBlock: MAIN $@12 . '(' ')' '{' $@13 LDeclBlock $@14 Body '}'

    '('  shift, and go to state 34


State 18

    0 $accept: start $end .

    $default  accept


State 19

    3 Program: TDeclBlock GDeclBlock . FDefBlock MainBlock
    4        | TDeclBlock GDeclBlock . MainBlock

    ID    shift, and go to state 12
    MAIN  shift, and go to state 3

    Type       go to state 21
    FDefBlock  go to state 35
    FDef       go to state 23
    MainBlock  go to state 36


State 20

    5 Program: TDeclBlock MainBlock .

    $default  reduce using rule 5 (Program)


State 21

   44 FDef: Type . ID '(' $@8 ParamList ')' $@9 '{' $@10 LDeclBlock $@11 Body '}'

    ID  shift, and go to state 37


State 22

    6 Program: GDeclBlock FDefBlock . MainBlock
   38 FDefBlock: FDefBlock . FDef

    ID    shift, and go to state 12
    MAIN  shift, and go to state 3

    Type       go to state 21
    FDef       go to state 38
    MainBlock  go to state 39


State 23

   39 FDefBlock: FDef .

    $default  reduce using rule 39 (FDefBlock)


State 24

    7 Program: GDeclBlock MainBlock .

    $default  reduce using rule 7 (Program)


State 25

   14 TStruct: ID $@1 . '{' $@2 TFields '}'

    '{'  shift, and go to state 40


State 26

    9 TDeclBlock: TYPE TStructs ENDTYPE .

    $default  reduce using rule 9 (TDeclBlock)


State 27

   10 TStructs: TStructs TStruct .

    $default  reduce using rule 10 (TStructs)


State 28

   22 GDeclBlock: DECL GDeclList ENDDECL .

    $default  reduce using rule 22 (GDeclBlock)


State 29

   24 GDeclList: GDeclList GDecl .

    $default  reduce using rule 24 (GDeclList)


State 30

   30 Gid: ID .
   31    | ID . '[' NUM ']'
   34    | ID . '(' $@4 ParamList $@5 ')'

    '['  shift, and go to state 41
    '('  shift, and go to state 42

    $default  reduce using rule 30 (Gid)


State 31

   37 Gid: MUL . ID '(' $@6 ParamList $@7 ')'

    ID  shift, and go to state 43


State 32

   26 GDecl: Type GidList . ';'
   28 GidList: GidList . ',' Gid

    ';'  shift, and go to state 44
    ','  shift, and go to state 45


State 33

   29 GidList: Gid .

    $default  reduce using rule 29 (GidList)


State 34

   63 MainBlock: MAIN $@12 '(' . ')' '{' $@13 LDeclBlock $@14 Body '}'

    ')'  shift, and go to state 46


State 35

    3 Program: TDeclBlock GDeclBlock FDefBlock . MainBlock
   38 FDefBlock: FDefBlock . FDef

    ID    shift, and go to state 12
    MAIN  shift, and go to state 3

    Type       go to state 21
    FDef       go to state 38
    MainBlock  go to state 47


State 36

    4 Program: TDeclBlock GDeclBlock MainBlock .

    $default  reduce using rule 4 (Program)


State 37

   44 FDef: Type ID . '(' $@8 ParamList ')' $@9 '{' $@10 LDeclBlock $@11 Body '}'

    '('  shift, and go to state 48


State 38

   38 FDefBlock: FDefBlock FDef .

    $default  reduce using rule 38 (FDefBlock)


State 39

    6 Program: GDeclBlock FDefBlock MainBlock .

    $default  reduce using rule 6 (Program)


State 40

   14 TStruct: ID $@1 '{' . $@2 TFields '}'

    $default  reduce using rule 13 ($@2)

    $@2  go to state 49


State 41

   31 Gid: ID '[' . NUM ']'

    NUM  shift, and go to state 50


State 42

   34 Gid: ID '(' . $@4 ParamList $@5 ')'

    $default  reduce using rule 32 ($@4)

    $@4  go to state 51


State 43

   37 Gid: MUL ID . '(' $@6 ParamList $@7 ')'

    '('  shift, and go to state 52


State 44

   26 GDecl: Type GidList ';' .

    $default  reduce using rule 26 (GDecl)


State 45

   28 GidList: GidList ',' . Gid

    ID   shift, and go to state 30
    MUL  shift, and go to state 31

    Gid  go to state 53


State 46

   63 MainBlock: MAIN $@12 '(' ')' . '{' $@13 LDeclBlock $@14 Body '}'

    '{'  shift, and go to state 54


State 47

    3 Program: TDeclBlock GDeclBlock FDefBlock MainBlock .

    $default  reduce using rule 3 (Program)


State 48

   44 FDef: Type ID '(' . $@8 ParamList ')' $@9 '{' $@10 LDeclBlock $@11 Body '}'

    $default  reduce using rule 40 ($@8)

    $@8  go to state 55


State 49

   14 TStruct: ID $@1 '{' $@2 . TFields '}'

    ID  shift, and go to state 12

    TFields  go to state 56
    TField   go to state 57
    Type     go to state 58


State 50

   31 Gid: ID '[' NUM . ']'

    ']'  shift, and go to state 59


State 51

   34 Gid: ID '(' $@4 . ParamList $@5 ')'

    ID  shift, and go to state 12

    $default  reduce using rule 47 (ParamList)

    Type       go to state 60
    ParamList  go to state 61
    Param      go to state 62


State 52

   37 Gid: MUL ID '(' . $@6 ParamList $@7 ')'

    $default  reduce using rule 35 ($@6)

    $@6  go to state 63


State 53

   28 GidList: GidList ',' Gid .

    $default  reduce using rule 28 (GidList)


State 54

   63 MainBlock: MAIN $@12 '(' ')' '{' . $@13 LDeclBlock $@14 Body '}'

    $default  reduce using rule 61 ($@13)

    $@13  go to state 64


State 55

   44 FDef: Type ID '(' $@8 . ParamList ')' $@9 '{' $@10 LDeclBlock $@11 Body '}'

    ID  shift, and go to state 12

    $default  reduce using rule 47 (ParamList)

    Type       go to state 60
    ParamList  go to state 65
    Param      go to state 62


State 56

   14 TStruct: ID $@1 '{' $@2 TFields . '}'
   15 TFields: TFields . TField

    ID   shift, and go to state 12
    '}'  shift, and go to state 66

    TField  go to state 67
    Type    go to state 58


State 57

   16 TFields: TField .

    $default  reduce using rule 16 (TFields)


State 58

   18 TField: Type . $@3 VList ';'

    $default  reduce using rule 17 ($@3)

    $@3  go to state 68


State 59

   31 Gid: ID '[' NUM ']' .

    $default  reduce using rule 31 (Gid)


State 60

   48 Param: Type . Pid

    ID   shift, and go to state 69
    MUL  shift, and go to state 70

    Pid  go to state 71


State 61

   34 Gid: ID '(' $@4 ParamList . $@5 ')'
   45 ParamList: ParamList . ',' Param

    ','  shift, and go to state 72

    $default  reduce using rule 33 ($@5)

    $@5  go to state 73


State 62

   46 ParamList: Param .

    $default  reduce using rule 46 (ParamList)


State 63

   37 Gid: MUL ID '(' $@6 . ParamList $@7 ')'

    ID  shift, and go to state 12

    $default  reduce using rule 47 (ParamList)

    Type       go to state 60
    ParamList  go to state 74
    Param      go to state 62


State 64

   63 MainBlock: MAIN $@12 '(' ')' '{' $@13 . LDeclBlock $@14 Body '}'

    DECL  shift, and go to state 75

    $default  reduce using rule 53 (LDeclBlock)

    LDeclBlock  go to state 76


State 65

   44 FDef: Type ID '(' $@8 ParamList . ')' $@9 '{' $@10 LDeclBlock $@11 Body '}'
   45 ParamList: ParamList . ',' Param

    ','  shift, and go to state 72
    ')'  shift, and go to state 77


State 66

   14 TStruct: ID $@1 '{' $@2 TFields '}' .

    $default  reduce using rule 14 (TStruct)


State 67

   15 TFields: TFields TField .

    $default  reduce using rule 15 (TFields)


State 68

   18 TField: Type $@3 . VList ';'

    ID  shift, and go to state 78

    VList  go to state 79
    Vid    go to state 80


State 69

   49 Pid: ID .

    $default  reduce using rule 49 (Pid)


State 70

   50 Pid: MUL . ID

    ID  shift, and go to state 81


State 71

   48 Param: Type Pid .

    $default  reduce using rule 48 (Param)


State 72

   45 ParamList: ParamList ',' . Param

    ID  shift, and go to state 12

    Type   go to state 60
    Param  go to state 82


State 73

   34 Gid: ID '(' $@4 ParamList $@5 . ')'

    ')'  shift, and go to state 83


State 74

   37 Gid: MUL ID '(' $@6 ParamList . $@7 ')'
   45 ParamList: ParamList . ',' Param

    ','  shift, and go to state 72

    $default  reduce using rule 36 ($@7)

    $@7  go to state 84


State 75

   51 LDeclBlock: DECL . LDecList ENDDECL
   52           | DECL . ENDDECL

    ID       shift, and go to state 12
    ENDDECL  shift, and go to state 85

    Type      go to state 86
    LDecList  go to state 87
    LDecl     go to state 88


State 76

   63 MainBlock: MAIN $@12 '(' ')' '{' $@13 LDeclBlock . $@14 Body '}'

    $default  reduce using rule 62 ($@14)

    $@14  go to state 89


State 77

   44 FDef: Type ID '(' $@8 ParamList ')' . $@9 '{' $@10 LDeclBlock $@11 Body '}'

    $default  reduce using rule 41 ($@9)

    $@9  go to state 90


State 78

   21 Vid: ID .

    $default  reduce using rule 21 (Vid)


State 79

   18 TField: Type $@3 VList . ';'
   19 VList: VList . ',' Vid

    ';'  shift, and go to state 91
    ','  shift, and go to state 92


State 80

   20 VList: Vid .

    $default  reduce using rule 20 (VList)


State 81

   50 Pid: MUL ID .

    $default  reduce using rule 50 (Pid)


State 82

   45 ParamList: ParamList ',' Param .

    $default  reduce using rule 45 (ParamList)


State 83

   34 Gid: ID '(' $@4 ParamList $@5 ')' .

    $default  reduce using rule 34 (Gid)


State 84

   37 Gid: MUL ID '(' $@6 ParamList $@7 . ')'

    ')'  shift, and go to state 93


State 85

   52 LDeclBlock: DECL ENDDECL .

    $default  reduce using rule 52 (LDeclBlock)


State 86

   56 LDecl: Type . IdList ';'

    ID  shift, and go to state 94

    IdList  go to state 95
    Lid     go to state 96


State 87

   51 LDeclBlock: DECL LDecList . ENDDECL
   54 LDecList: LDecList . LDecl

    ID       shift, and go to state 12
    ENDDECL  shift, and go to state 97

    Type   go to state 86
    LDecl  go to state 98


State 88

   55 LDecList: LDecl .

    $default  reduce using rule 55 (LDecList)


State 89

   63 MainBlock: MAIN $@12 '(' ')' '{' $@13 LDeclBlock $@14 . Body '}'

    BEG  shift, and go to state 99

    Body  go to state 100


State 90

   44 FDef: Type ID '(' $@8 ParamList ')' $@9 . '{' $@10 LDeclBlock $@11 Body '}'

    '{'  shift, and go to state 101


State 91

   18 TField: Type $@3 VList ';' .

    $default  reduce using rule 18 (TField)


State 92

   19 VList: VList ',' . Vid

    ID  shift, and go to state 78

    Vid  go to state 102


State 93

   37 Gid: MUL ID '(' $@6 ParamList $@7 ')' .

    $default  reduce using rule 37 (Gid)


State 94

   59 Lid: ID .

    $default  reduce using rule 59 (Lid)


State 95

   56 LDecl: Type IdList . ';'
   57 IdList: IdList . ',' Lid

    ';'  shift, and go to state 103
    ','  shift, and go to state 104


State 96

   58 IdList: Lid .

    $default  reduce using rule 58 (IdList)


State 97

   51 LDeclBlock: DECL LDecList ENDDECL .

    $default  reduce using rule 51 (LDeclBlock)


State 98

   54 LDecList: LDecList LDecl .

    $default  reduce using rule 54 (LDecList)


State 99

   64 Body: BEG . Slist RETURN Expr ';' END
   65     | BEG . RETURN Expr ';' END

    ID        shift, and go to state 105
    MUL       shift, and go to state 106
    READ      shift, and go to state 107
    WRITE     shift, and go to state 108
    IF        shift, and go to state 109
    WHILE     shift, and go to state 110
    DO        shift, and go to state 111
    BREAK     shift, and go to state 112
    CONTINUE  shift, and go to state 113
    REPEAT    shift, and go to state 114
    RETURN    shift, and go to state 115
    BRKP      shift, and go to state 116
    EXIT      shift, and go to state 117
    INIT      shift, and go to state 118
    FREE      shift, and go to state 119
    '&'       shift, and go to state 120

    Slist  go to state 121
    Stmt   go to state 122
    id     go to state 123
    Field  go to state 124


State 100

   63 MainBlock: MAIN $@12 '(' ')' '{' $@13 LDeclBlock $@14 Body . '}'

    '}'  shift, and go to state 125


State 101

   44 FDef: Type ID '(' $@8 ParamList ')' $@9 '{' . $@10 LDeclBlock $@11 Body '}'

    $default  reduce using rule 42 ($@10)

    $@10  go to state 126


State 102

   19 VList: VList ',' Vid .

    $default  reduce using rule 19 (VList)


State 103

   56 LDecl: Type IdList ';' .

    $default  reduce using rule 56 (LDecl)


State 104

   57 IdList: IdList ',' . Lid

    ID  shift, and go to state 94

    Lid  go to state 127


State 105

  110 id: ID .
  111   | ID . '[' Expr ']'
  116 Field: ID . '.' ID

    '['  shift, and go to state 128
    '.'  shift, and go to state 129

    $default  reduce using rule 110 (id)


State 106

  112 id: MUL . id

    ID   shift, and go to state 105
    MUL  shift, and go to state 106
    '&'  shift, and go to state 120

    id     go to state 130
    Field  go to state 124


State 107

   68 Stmt: READ . '(' id ')' ';'

    '('  shift, and go to state 131


State 108

   69 Stmt: WRITE . '(' Expr ')' ';'
   70     | WRITE . STRING ';'

    STRING  shift, and go to state 132
    '('     shift, and go to state 133


State 109

   72 Stmt: IF . '(' Bool ')' THEN Slist ELSE Slist ENDIF ';'
   73     | IF . '(' Bool ')' THEN Slist ENDIF ';'

    '('  shift, and go to state 134


State 110

   74 Stmt: WHILE . '(' Bool ')' DO Slist ENDWHILE ';'

    '('  shift, and go to state 135


State 111

   76 Stmt: DO . Slist WHILE '(' Bool ')' ';'

    ID        shift, and go to state 105
    MUL       shift, and go to state 106
    READ      shift, and go to state 107
    WRITE     shift, and go to state 108
    IF        shift, and go to state 109
    WHILE     shift, and go to state 110
    DO        shift, and go to state 111
    BREAK     shift, and go to state 112
    CONTINUE  shift, and go to state 113
    REPEAT    shift, and go to state 114
    BRKP      shift, and go to state 116
    EXIT      shift, and go to state 117
    INIT      shift, and go to state 118
    FREE      shift, and go to state 119
    '&'       shift, and go to state 120

    Slist  go to state 136
    Stmt   go to state 122
    id     go to state 123
    Field  go to state 124


State 112

   77 Stmt: BREAK . ';'

    ';'  shift, and go to state 137


State 113

   78 Stmt: CONTINUE . ';'

    ';'  shift, and go to state 138


State 114

   75 Stmt: REPEAT . Slist UNTIL '(' Bool ')' ';'

    ID        shift, and go to state 105
    MUL       shift, and go to state 106
    READ      shift, and go to state 107
    WRITE     shift, and go to state 108
    IF        shift, and go to state 109
    WHILE     shift, and go to state 110
    DO        shift, and go to state 111
    BREAK     shift, and go to state 112
    CONTINUE  shift, and go to state 113
    REPEAT    shift, and go to state 114
    BRKP      shift, and go to state 116
    EXIT      shift, and go to state 117
    INIT      shift, and go to state 118
    FREE      shift, and go to state 119
    '&'       shift, and go to state 120

    Slist  go to state 139
    Stmt   go to state 122
    id     go to state 123
    Field  go to state 124


State 115

   65 Body: BEG RETURN . Expr ';' END

    NUM     shift, and go to state 140
    ID      shift, and go to state 141
    STRING  shift, and go to state 142
    MUL     shift, and go to state 106
    NUL     shift, and go to state 143
    '('     shift, and go to state 144
    '&'     shift, and go to state 120

    Expr   go to state 145
    id     go to state 146
    Field  go to state 124


State 116

   79 Stmt: BRKP . ';'

    ';'  shift, and go to state 147


State 117

   80 Stmt: EXIT . ';'

    ';'  shift, and go to state 148


State 118

   81 Stmt: INIT . '(' ')' ';'

    '('  shift, and go to state 149


State 119

   83 Stmt: FREE . '(' id ')' ';'

    '('  shift, and go to state 150


State 120

  113 id: '&' . id

    ID   shift, and go to state 105
    MUL  shift, and go to state 106
    '&'  shift, and go to state 120

    id     go to state 151
    Field  go to state 124


State 121

   64 Body: BEG Slist . RETURN Expr ';' END
   66 Slist: Slist . Stmt

    ID        shift, and go to state 105
    MUL       shift, and go to state 106
    READ      shift, and go to state 107
    WRITE     shift, and go to state 108
    IF        shift, and go to state 109
    WHILE     shift, and go to state 110
    DO        shift, and go to state 111
    BREAK     shift, and go to state 112
    CONTINUE  shift, and go to state 113
    REPEAT    shift, and go to state 114
    RETURN    shift, and go to state 152
    BRKP      shift, and go to state 116
    EXIT      shift, and go to state 117
    INIT      shift, and go to state 118
    FREE      shift, and go to state 119
    '&'       shift, and go to state 120

    Stmt   go to state 153
    id     go to state 123
    Field  go to state 124


State 122

   67 Slist: Stmt .

    $default  reduce using rule 67 (Slist)


State 123

   71 Stmt: id . EQ Expr ';'
   82     | id . EQ ALLOC '(' ')' ';'

    EQ  shift, and go to state 154


State 124

  114 id: Field .
  115 Field: Field . '.' ID

    '.'  shift, and go to state 155

    $default  reduce using rule 114 (id)


State 125

   63 MainBlock: MAIN $@12 '(' ')' '{' $@13 LDeclBlock $@14 Body '}' .

    $default  reduce using rule 63 (MainBlock)


State 126

   44 FDef: Type ID '(' $@8 ParamList ')' $@9 '{' $@10 . LDeclBlock $@11 Body '}'

    DECL  shift, and go to state 75

    $default  reduce using rule 53 (LDeclBlock)

    LDeclBlock  go to state 156


State 127

   57 IdList: IdList ',' Lid .

    $default  reduce using rule 57 (IdList)


State 128

  111 id: ID '[' . Expr ']'

    NUM     shift, and go to state 140
    ID      shift, and go to state 141
    STRING  shift, and go to state 142
    MUL     shift, and go to state 106
    NUL     shift, and go to state 143
    '('     shift, and go to state 144
    '&'     shift, and go to state 120

    Expr   go to state 157
    id     go to state 146
    Field  go to state 124


State 129

  116 Field: ID '.' . ID

    ID  shift, and go to state 158


State 130

  112 id: MUL id .

    $default  reduce using rule 112 (id)


State 131

   68 Stmt: READ '(' . id ')' ';'

    ID   shift, and go to state 105
    MUL  shift, and go to state 106
    '&'  shift, and go to state 120

    id     go to state 159
    Field  go to state 124


State 132

   70 Stmt: WRITE STRING . ';'

    ';'  shift, and go to state 160


State 133

   69 Stmt: WRITE '(' . Expr ')' ';'

    NUM     shift, and go to state 140
    ID      shift, and go to state 141
    STRING  shift, and go to state 142
    MUL     shift, and go to state 106
    NUL     shift, and go to state 143
    '('     shift, and go to state 144
    '&'     shift, and go to state 120

    Expr   go to state 161
    id     go to state 146
    Field  go to state 124


State 134

   72 Stmt: IF '(' . Bool ')' THEN Slist ELSE Slist ENDIF ';'
   73     | IF '(' . Bool ')' THEN Slist ENDIF ';'

    NUM     shift, and go to state 140
    ID      shift, and go to state 141
    STRING  shift, and go to state 142
    MUL     shift, and go to state 106
    TRUE    shift, and go to state 162
    FALSE   shift, and go to state 163
    NOT     shift, and go to state 164
    NUL     shift, and go to state 143
    '('     shift, and go to state 165
    '&'     shift, and go to state 120

    Expr   go to state 166
    Bool   go to state 167
    id     go to state 146
    Field  go to state 124


State 135

   74 Stmt: WHILE '(' . Bool ')' DO Slist ENDWHILE ';'

    NUM     shift, and go to state 140
    ID      shift, and go to state 141
    STRING  shift, and go to state 142
    MUL     shift, and go to state 106
    TRUE    shift, and go to state 162
    FALSE   shift, and go to state 163
    NOT     shift, and go to state 164
    NUL     shift, and go to state 143
    '('     shift, and go to state 165
    '&'     shift, and go to state 120

    Expr   go to state 166
    Bool   go to state 168
    id     go to state 146
    Field  go to state 124


State 136

   66 Slist: Slist . Stmt
   76 Stmt: DO Slist . WHILE '(' Bool ')' ';'

    ID        shift, and go to state 105
    MUL       shift, and go to state 106
    READ      shift, and go to state 107
    WRITE     shift, and go to state 108
    IF        shift, and go to state 109
    WHILE     shift, and go to state 169
    DO        shift, and go to state 111
    BREAK     shift, and go to state 112
    CONTINUE  shift, and go to state 113
    REPEAT    shift, and go to state 114
    BRKP      shift, and go to state 116
    EXIT      shift, and go to state 117
    INIT      shift, and go to state 118
    FREE      shift, and go to state 119
    '&'       shift, and go to state 120

    Stmt   go to state 153
    id     go to state 123
    Field  go to state 124


State 137

   77 Stmt: BREAK ';' .

    $default  reduce using rule 77 (Stmt)


State 138

   78 Stmt: CONTINUE ';' .

    $default  reduce using rule 78 (Stmt)


State 139

   66 Slist: Slist . Stmt
   75 Stmt: REPEAT Slist . UNTIL '(' Bool ')' ';'

    ID        shift, and go to state 105
    MUL       shift, and go to state 106
    READ      shift, and go to state 107
    WRITE     shift, and go to state 108
    IF        shift, and go to state 109
    WHILE     shift, and go to state 110
    DO        shift, and go to state 111
    BREAK     shift, and go to state 112
    CONTINUE  shift, and go to state 113
    REPEAT    shift, and go to state 114
    UNTIL     shift, and go to state 170
    BRKP      shift, and go to state 116
    EXIT      shift, and go to state 117
    INIT      shift, and go to state 118
    FREE      shift, and go to state 119
    '&'       shift, and go to state 120

    Stmt   go to state 153
    id     go to state 123
    Field  go to state 124


State 140

   90 Expr: NUM .

    $default  reduce using rule 90 (Expr)


State 141

   94 Expr: ID . '(' ')'
   95     | ID . '(' ArgList ')'
  110 id: ID .
  111   | ID . '[' Expr ']'
  116 Field: ID . '.' ID

    '['  shift, and go to state 128
    '('  shift, and go to state 171
    '.'  shift, and go to state 129

    $default  reduce using rule 110 (id)


State 142

   91 Expr: STRING .

    $default  reduce using rule 91 (Expr)


State 143

   93 Expr: NUL .

    $default  reduce using rule 93 (Expr)


State 144

   89 Expr: '(' . Expr ')'

    NUM     shift, and go to state 140
    ID      shift, and go to state 141
    STRING  shift, and go to state 142
    MUL     shift, and go to state 106
    NUL     shift, and go to state 143
    '('     shift, and go to state 144
    '&'     shift, and go to state 120

    Expr   go to state 172
    id     go to state 146
    Field  go to state 124


State 145

   65 Body: BEG RETURN Expr . ';' END
   84 Expr: Expr . PLUS Expr
   85     | Expr . MINUS Expr
   86     | Expr . MUL Expr
   87     | Expr . DIV Expr
   88     | Expr . MOD Expr

    PLUS   shift, and go to state 173
    MINUS  shift, and go to state 174
    MUL    shift, and go to state 175
    DIV    shift, and go to state 176
    MOD    shift, and go to state 177
    ';'    shift, and go to state 178


State 146

   92 Expr: id .

    $default  reduce using rule 92 (Expr)


State 147

   79 Stmt: BRKP ';' .

    $default  reduce using rule 79 (Stmt)


State 148

   80 Stmt: EXIT ';' .

    $default  reduce using rule 80 (Stmt)


State 149

   81 Stmt: INIT '(' . ')' ';'

    ')'  shift, and go to state 179


State 150

   83 Stmt: FREE '(' . id ')' ';'

    ID   shift, and go to state 105
    MUL  shift, and go to state 106
    '&'  shift, and go to state 120

    id     go to state 180
    Field  go to state 124


State 151

  113 id: '&' id .

    $default  reduce using rule 113 (id)


State 152

   64 Body: BEG Slist RETURN . Expr ';' END

    NUM     shift, and go to state 140
    ID      shift, and go to state 141
    STRING  shift, and go to state 142
    MUL     shift, and go to state 106
    NUL     shift, and go to state 143
    '('     shift, and go to state 144
    '&'     shift, and go to state 120

    Expr   go to state 181
    id     go to state 146
    Field  go to state 124


State 153

   66 Slist: Slist Stmt .

    $default  reduce using rule 66 (Slist)


State 154

   71 Stmt: id EQ . Expr ';'
   82     | id EQ . ALLOC '(' ')' ';'

    NUM     shift, and go to state 140
    ID      shift, and go to state 141
    STRING  shift, and go to state 142
    MUL     shift, and go to state 106
    ALLOC   shift, and go to state 182
    NUL     shift, and go to state 143
    '('     shift, and go to state 144
    '&'     shift, and go to state 120

    Expr   go to state 183
    id     go to state 146
    Field  go to state 124


State 155

  115 Field: Field '.' . ID

    ID  shift, and go to state 184


State 156

   44 FDef: Type ID '(' $@8 ParamList ')' $@9 '{' $@10 LDeclBlock . $@11 Body '}'

    $default  reduce using rule 43 ($@11)

    $@11  go to state 185


State 157

   84 Expr: Expr . PLUS Expr
   85     | Expr . MINUS Expr
   86     | Expr . MUL Expr
   87     | Expr . DIV Expr
   88     | Expr . MOD Expr
  111 id: ID '[' Expr . ']'

    PLUS   shift, and go to state 173
    MINUS  shift, and go to state 174
    MUL    shift, and go to state 175
    DIV    shift, and go to state 176
    MOD    shift, and go to state 177
    ']'    shift, and go to state 186


State 158

  116 Field: ID '.' ID .

    $default  reduce using rule 116 (Field)


State 159

   68 Stmt: READ '(' id . ')' ';'

    ')'  shift, and go to state 187


State 160

   70 Stmt: WRITE STRING ';' .

    $default  reduce using rule 70 (Stmt)


State 161

   69 Stmt: WRITE '(' Expr . ')' ';'
   84 Expr: Expr . PLUS Expr
   85     | Expr . MINUS Expr
   86     | Expr . MUL Expr
   87     | Expr . DIV Expr
   88     | Expr . MOD Expr

    PLUS   shift, and go to state 173
    MINUS  shift, and go to state 174
    MUL    shift, and go to state 175
    DIV    shift, and go to state 176
    MOD    shift, and go to state 177
    ')'    shift, and go to state 188


State 162

  104 Bool: TRUE .

    $default  reduce using rule 104 (Bool)


State 163

  105 Bool: FALSE .

    $default  reduce using rule 105 (Bool)


State 164

  107 Bool: NOT . Bool

    NUM     shift, and go to state 140
    ID      shift, and go to state 141
    STRING  shift, and go to state 142
    MUL     shift, and go to state 106
    TRUE    shift, and go to state 162
    FALSE   shift, and go to state 163
    NOT     shift, and go to state 164
    NUL     shift, and go to state 143
    '('     shift, and go to state 165
    '&'     shift, and go to state 120

    Expr   go to state 166
    Bool   go to state 189
    id     go to state 146
    Field  go to state 124


State 165

   89 Expr: '(' . Expr ')'
  106 Bool: '(' . Bool ')'

    NUM     shift, and go to state 140
    ID      shift, and go to state 141
    STRING  shift, and go to state 142
    MUL     shift, and go to state 106
    TRUE    shift, and go to state 162
    FALSE   shift, and go to state 163
    NOT     shift, and go to state 164
    NUL     shift, and go to state 143
    '('     shift, and go to state 165
    '&'     shift, and go to state 120

    Expr   go to state 190
    Bool   go to state 191
    id     go to state 146
    Field  go to state 124


State 166

   84 Expr: Expr . PLUS Expr
   85     | Expr . MINUS Expr
   86     | Expr . MUL Expr
   87     | Expr . DIV Expr
   88     | Expr . MOD Expr
   98 Bool: Expr . LT Expr
   99     | Expr . LE Expr
  100     | Expr . GT Expr
  101     | Expr . GE Expr
  102     | Expr . EE Expr
  103     | Expr . NE Expr

    PLUS   shift, and go to state 173
    MINUS  shift, and go to state 174
    MUL    shift, and go to state 175
    DIV    shift, and go to state 176
    MOD    shift, and go to state 177
    LT     shift, and go to state 192
    LE     shift, and go to state 193
    GT     shift, and go to state 194
    GE     shift, and go to state 195
    EE     shift, and go to state 196
    NE     shift, and go to state 197


State 167

   72 Stmt: IF '(' Bool . ')' THEN Slist ELSE Slist ENDIF ';'
   73     | IF '(' Bool . ')' THEN Slist ENDIF ';'
  108 Bool: Bool . AND Bool
  109     | Bool . OR Bool

    AND  shift, and go to state 198
    OR   shift, and go to state 199
    ')'  shift, and go to state 200


State 168

   74 Stmt: WHILE '(' Bool . ')' DO Slist ENDWHILE ';'
  108 Bool: Bool . AND Bool
  109     | Bool . OR Bool

    AND  shift, and go to state 198
    OR   shift, and go to state 199
    ')'  shift, and go to state 201


State 169

   74 Stmt: WHILE . '(' Bool ')' DO Slist ENDWHILE ';'
   76     | DO Slist WHILE . '(' Bool ')' ';'

    '('  shift, and go to state 202


State 170

   75 Stmt: REPEAT Slist UNTIL . '(' Bool ')' ';'

    '('  shift, and go to state 203


State 171

   94 Expr: ID '(' . ')'
   95     | ID '(' . ArgList ')'

    NUM     shift, and go to state 140
    ID      shift, and go to state 141
    STRING  shift, and go to state 142
    MUL     shift, and go to state 106
    NUL     shift, and go to state 143
    '('     shift, and go to state 144
    ')'     shift, and go to state 204
    '&'     shift, and go to state 120

    Expr     go to state 205
    ArgList  go to state 206
    id       go to state 146
    Field    go to state 124


State 172

   84 Expr: Expr . PLUS Expr
   85     | Expr . MINUS Expr
   86     | Expr . MUL Expr
   87     | Expr . DIV Expr
   88     | Expr . MOD Expr
   89     | '(' Expr . ')'

    PLUS   shift, and go to state 173
    MINUS  shift, and go to state 174
    MUL    shift, and go to state 175
    DIV    shift, and go to state 176
    MOD    shift, and go to state 177
    ')'    shift, and go to state 207


State 173

   84 Expr: Expr PLUS . Expr

    NUM     shift, and go to state 140
    ID      shift, and go to state 141
    STRING  shift, and go to state 142
    MUL     shift, and go to state 106
    NUL     shift, and go to state 143
    '('     shift, and go to state 144
    '&'     shift, and go to state 120

    Expr   go to state 208
    id     go to state 146
    Field  go to state 124


State 174

   85 Expr: Expr MINUS . Expr

    NUM     shift, and go to state 140
    ID      shift, and go to state 141
    STRING  shift, and go to state 142
    MUL     shift, and go to state 106
    NUL     shift, and go to state 143
    '('     shift, and go to state 144
    '&'     shift, and go to state 120

    Expr   go to state 209
    id     go to state 146
    Field  go to state 124


State 175

   86 Expr: Expr MUL . Expr

    NUM     shift, and go to state 140
    ID      shift, and go to state 141
    STRING  shift, and go to state 142
    MUL     shift, and go to state 106
    NUL     shift, and go to state 143
    '('     shift, and go to state 144
    '&'     shift, and go to state 120

    Expr   go to state 210
    id     go to state 146
    Field  go to state 124


State 176

   87 Expr: Expr DIV . Expr

    NUM     shift, and go to state 140
    ID      shift, and go to state 141
    STRING  shift, and go to state 142
    MUL     shift, and go to state 106
    NUL     shift, and go to state 143
    '('     shift, and go to state 144
    '&'     shift, and go to state 120

    Expr   go to state 211
    id     go to state 146
    Field  go to state 124


State 177

   88 Expr: Expr MOD . Expr

    NUM     shift, and go to state 140
    ID      shift, and go to state 141
    STRING  shift, and go to state 142
    MUL     shift, and go to state 106
    NUL     shift, and go to state 143
    '('     shift, and go to state 144
    '&'     shift, and go to state 120

    Expr   go to state 212
    id     go to state 146
    Field  go to state 124


State 178

   65 Body: BEG RETURN Expr ';' . END

    END  shift, and go to state 213


State 179

   81 Stmt: INIT '(' ')' . ';'

    ';'  shift, and go to state 214


State 180

   83 Stmt: FREE '(' id . ')' ';'

    ')'  shift, and go to state 215


State 181

   64 Body: BEG Slist RETURN Expr . ';' END
   84 Expr: Expr . PLUS Expr
   85     | Expr . MINUS Expr
   86     | Expr . MUL Expr
   87     | Expr . DIV Expr
   88     | Expr . MOD Expr

    PLUS   shift, and go to state 173
    MINUS  shift, and go to state 174
    MUL    shift, and go to state 175
    DIV    shift, and go to state 176
    MOD    shift, and go to state 177
    ';'    shift, and go to state 216


State 182

   82 Stmt: id EQ ALLOC . '(' ')' ';'

    '('  shift, and go to state 217


State 183

   71 Stmt: id EQ Expr . ';'
   84 Expr: Expr . PLUS Expr
   85     | Expr . MINUS Expr
   86     | Expr . MUL Expr
   87     | Expr . DIV Expr
   88     | Expr . MOD Expr

    PLUS   shift, and go to state 173
    MINUS  shift, and go to state 174
    MUL    shift, and go to state 175
    DIV    shift, and go to state 176
    MOD    shift, and go to state 177
    ';'    shift, and go to state 218


State 184

  115 Field: Field '.' ID .

    $default  reduce using rule 115 (Field)


State 185

   44 FDef: Type ID '(' $@8 ParamList ')' $@9 '{' $@10 LDeclBlock $@11 . Body '}'

    BEG  shift, and go to state 99

    Body  go to state 219


State 186

  111 id: ID '[' Expr ']' .

    $default  reduce using rule 111 (id)


State 187

   68 Stmt: READ '(' id ')' . ';'

    ';'  shift, and go to state 220


State 188

   69 Stmt: WRITE '(' Expr ')' . ';'

    ';'  shift, and go to state 221


State 189

  107 Bool: NOT Bool .
  108     | Bool . AND Bool
  109     | Bool . OR Bool

    $default  reduce using rule 107 (Bool)


State 190

   84 Expr: Expr . PLUS Expr
   85     | Expr . MINUS Expr
   86     | Expr . MUL Expr
   87     | Expr . DIV Expr
   88     | Expr . MOD Expr
   89     | '(' Expr . ')'
   98 Bool: Expr . LT Expr
   99     | Expr . LE Expr
  100     | Expr . GT Expr
  101     | Expr . GE Expr
  102     | Expr . EE Expr
  103     | Expr . NE Expr

    PLUS   shift, and go to state 173
    MINUS  shift, and go to state 174
    MUL    shift, and go to state 175
    DIV    shift, and go to state 176
    MOD    shift, and go to state 177
    LT     shift, and go to state 192
    LE     shift, and go to state 193
    GT     shift, and go to state 194
    GE     shift, and go to state 195
    EE     shift, and go to state 196
    NE     shift, and go to state 197
    ')'    shift, and go to state 207


State 191

  106 Bool: '(' Bool . ')'
  108     | Bool . AND Bool
  109     | Bool . OR Bool

    AND  shift, and go to state 198
    OR   shift, and go to state 199
    ')'  shift, and go to state 222


State 192

   98 Bool: Expr LT . Expr

    NUM     shift, and go to state 140
    ID      shift, and go to state 141
    STRING  shift, and go to state 142
    MUL     shift, and go to state 106
    NUL     shift, and go to state 143
    '('     shift, and go to state 144
    '&'     shift, and go to state 120

    Expr   go to state 223
    id     go to state 146
    Field  go to state 124


State 193

   99 Bool: Expr LE . Expr

    NUM     shift, and go to state 140
    ID      shift, and go to state 141
    STRING  shift, and go to state 142
    MUL     shift, and go to state 106
    NUL     shift, and go to state 143
    '('     shift, and go to state 144
    '&'     shift, and go to state 120

    Expr   go to state 224
    id     go to state 146
    Field  go to state 124


State 194

  100 Bool: Expr GT . Expr

    NUM     shift, and go to state 140
    ID      shift, and go to state 141
    STRING  shift, and go to state 142
    MUL     shift, and go to state 106
    NUL     shift, and go to state 143
    '('     shift, and go to state 144
    '&'     shift, and go to state 120

    Expr   go to state 225
    id     go to state 146
    Field  go to state 124


State 195

  101 Bool: Expr GE . Expr

    NUM     shift, and go to state 140
    ID      shift, and go to state 141
    STRING  shift, and go to state 142
    MUL     shift, and go to state 106
    NUL     shift, and go to state 143
    '('     shift, and go to state 144
    '&'     shift, and go to state 120

    Expr   go to state 226
    id     go to state 146
    Field  go to state 124


State 196

  102 Bool: Expr EE . Expr

    NUM     shift, and go to state 140
    ID      shift, and go to state 141
    STRING  shift, and go to state 142
    MUL     shift, and go to state 106
    NUL     shift, and go to state 143
    '('     shift, and go to state 144
    '&'     shift, and go to state 120

    Expr   go to state 227
    id     go to state 146
    Field  go to state 124


State 197

  103 Bool: Expr NE . Expr

    NUM     shift, and go to state 140
    ID      shift, and go to state 141
    STRING  shift, and go to state 142
    MUL     shift, and go to state 106
    NUL     shift, and go to state 143
    '('     shift, and go to state 144
    '&'     shift, and go to state 120

    Expr   go to state 228
    id     go to state 146
    Field  go to state 124


State 198

  108 Bool: Bool AND . Bool

    NUM     shift, and go to state 140
    ID      shift, and go to state 141
    STRING  shift, and go to state 142
    MUL     shift, and go to state 106
    TRUE    shift, and go to state 162
    FALSE   shift, and go to state 163
    NOT     shift, and go to state 164
    NUL     shift, and go to state 143
    '('     shift, and go to state 165
    '&'     shift, and go to state 120

    Expr   go to state 166
    Bool   go to state 229
    id     go to state 146
    Field  go to state 124


State 199

  109 Bool: Bool OR . Bool

    NUM     shift, and go to state 140
    ID      shift, and go to state 141
    STRING  shift, and go to state 142
    MUL     shift, and go to state 106
    TRUE    shift, and go to state 162
    FALSE   shift, and go to state 163
    NOT     shift, and go to state 164
    NUL     shift, and go to state 143
    '('     shift, and go to state 165
    '&'     shift, and go to state 120

    Expr   go to state 166
    Bool   go to state 230
    id     go to state 146
    Field  go to state 124


State 200

   72 Stmt: IF '(' Bool ')' . THEN Slist ELSE Slist ENDIF ';'
   73     | IF '(' Bool ')' . THEN Slist ENDIF ';'

    THEN  shift, and go to state 231


State 201

   74 Stmt: WHILE '(' Bool ')' . DO Slist ENDWHILE ';'

    DO  shift, and go to state 232


State 202

   74 Stmt: WHILE '(' . Bool ')' DO Slist ENDWHILE ';'
   76     | DO Slist WHILE '(' . Bool ')' ';'

    NUM     shift, and go to state 140
    ID      shift, and go to state 141
    STRING  shift, and go to state 142
    MUL     shift, and go to state 106
    TRUE    shift, and go to state 162
    FALSE   shift, and go to state 163
    NOT     shift, and go to state 164
    NUL     shift, and go to state 143
    '('     shift, and go to state 165
    '&'     shift, and go to state 120

    Expr   go to state 166
    Bool   go to state 233
    id     go to state 146
    Field  go to state 124


State 203

   75 Stmt: REPEAT Slist UNTIL '(' . Bool ')' ';'

    NUM     shift, and go to state 140
    ID      shift, and go to state 141
    STRING  shift, and go to state 142
    MUL     shift, and go to state 106
    TRUE    shift, and go to state 162
    FALSE   shift, and go to state 163
    NOT     shift, and go to state 164
    NUL     shift, and go to state 143
    '('     shift, and go to state 165
    '&'     shift, and go to state 120

    Expr   go to state 166
    Bool   go to state 234
    id     go to state 146
    Field  go to state 124


State 204

   94 Expr: ID '(' ')' .

    $default  reduce using rule 94 (Expr)


State 205

   84 Expr: Expr . PLUS Expr
   85     | Expr . MINUS Expr
   86     | Expr . MUL Expr
   87     | Expr . DIV Expr
   88     | Expr . MOD Expr
   97 ArgList: Expr .

    PLUS   shift, and go to state 173
    MINUS  shift, and go to state 174
    MUL    shift, and go to state 175
    DIV    shift, and go to state 176
    MOD    shift, and go to state 177

    $default  reduce using rule 97 (ArgList)


State 206

   95 Expr: ID '(' ArgList . ')'
   96 ArgList: ArgList . ',' Expr

    ','  shift, and go to state 235
    ')'  shift, and go to state 236


State 207

   89 Expr: '(' Expr ')' .

    $default  reduce using rule 89 (Expr)


State 208

   84 Expr: Expr . PLUS Expr
   84     | Expr PLUS Expr .
   85     | Expr . MINUS Expr
   86     | Expr . MUL Expr
   87     | Expr . DIV Expr
   88     | Expr . MOD Expr

    MUL  shift, and go to state 175
    DIV  shift, and go to state 176
    MOD  shift, and go to state 177

    $default  reduce using rule 84 (Expr)


State 209

   84 Expr: Expr . PLUS Expr
   85     | Expr . MINUS Expr
   85     | Expr MINUS Expr .
   86     | Expr . MUL Expr
   87     | Expr . DIV Expr
   88     | Expr . MOD Expr

    MUL  shift, and go to state 175
    DIV  shift, and go to state 176
    MOD  shift, and go to state 177

    $default  reduce using rule 85 (Expr)


State 210

   84 Expr: Expr . PLUS Expr
   85     | Expr . MINUS Expr
   86     | Expr . MUL Expr
   86     | Expr MUL Expr .
   87     | Expr . DIV Expr
   88     | Expr . MOD Expr

    $default  reduce using rule 86 (Expr)


State 211

   84 Expr: Expr . PLUS Expr
   85     | Expr . MINUS Expr
   86     | Expr . MUL Expr
   87     | Expr . DIV Expr
   87     | Expr DIV Expr .
   88     | Expr . MOD Expr

    $default  reduce using rule 87 (Expr)


State 212

   84 Expr: Expr . PLUS Expr
   85     | Expr . MINUS Expr
   86     | Expr . MUL Expr
   87     | Expr . DIV Expr
   88     | Expr . MOD Expr
   88     | Expr MOD Expr .

    $default  reduce using rule 88 (Expr)


State 213

   65 Body: BEG RETURN Expr ';' END .

    $default  reduce using rule 65 (Body)


State 214

   81 Stmt: INIT '(' ')' ';' .

    $default  reduce using rule 81 (Stmt)


State 215

   83 Stmt: FREE '(' id ')' . ';'

    ';'  shift, and go to state 237


State 216

   64 Body: BEG Slist RETURN Expr ';' . END

    END  shift, and go to state 238


State 217

   82 Stmt: id EQ ALLOC '(' . ')' ';'

    ')'  shift, and go to state 239


State 218

   71 Stmt: id EQ Expr ';' .

    $default  reduce using rule 71 (Stmt)


State 219

   44 FDef: Type ID '(' $@8 ParamList ')' $@9 '{' $@10 LDeclBlock $@11 Body . '}'

    '}'  shift, and go to state 240


State 220

   68 Stmt: READ '(' id ')' ';' .

    $default  reduce using rule 68 (Stmt)


State 221

   69 Stmt: WRITE '(' Expr ')' ';' .

    $default  reduce using rule 69 (Stmt)


State 222

  106 Bool: '(' Bool ')' .

    $default  reduce using rule 106 (Bool)


State 223

   84 Expr: Expr . PLUS Expr
   85     | Expr . MINUS Expr
   86     | Expr . MUL Expr
   87     | Expr . DIV Expr
   88     | Expr . MOD Expr
   98 Bool: Expr LT Expr .

    PLUS   shift, and go to state 173
    MINUS  shift, and go to state 174
    MUL    shift, and go to state 175
    DIV    shift, and go to state 176
    MOD    shift, and go to state 177

    $default  reduce using rule 98 (Bool)


State 224

   84 Expr: Expr . PLUS Expr
   85     | Expr . MINUS Expr
   86     | Expr . MUL Expr
   87     | Expr . DIV Expr
   88     | Expr . MOD Expr
   99 Bool: Expr LE Expr .

    PLUS   shift, and go to state 173
    MINUS  shift, and go to state 174
    MUL    shift, and go to state 175
    DIV    shift, and go to state 176
    MOD    shift, and go to state 177

    $default  reduce using rule 99 (Bool)


State 225

   84 Expr: Expr . PLUS Expr
   85     | Expr . MINUS Expr
   86     | Expr . MUL Expr
   87     | Expr . DIV Expr
   88     | Expr . MOD Expr
  100 Bool: Expr GT Expr .

    PLUS   shift, and go to state 173
    MINUS  shift, and go to state 174
    MUL    shift, and go to state 175
    DIV    shift, and go to state 176
    MOD    shift, and go to state 177

    $default  reduce using rule 100 (Bool)


State 226

   84 Expr: Expr . PLUS Expr
   85     | Expr . MINUS Expr
   86     | Expr . MUL Expr
   87     | Expr . DIV Expr
   88     | Expr . MOD Expr
  101 Bool: Expr GE Expr .

    PLUS   shift, and go to state 173
    MINUS  shift, and go to state 174
    MUL    shift, and go to state 175
    DIV    shift, and go to state 176
    MOD    shift, and go to state 177

    $default  reduce using rule 101 (Bool)


State 227

   84 Expr: Expr . PLUS Expr
   85     | Expr . MINUS Expr
   86     | Expr . MUL Expr
   87     | Expr . DIV Expr
   88     | Expr . MOD Expr
  102 Bool: Expr EE Expr .

    PLUS   shift, and go to state 173
    MINUS  shift, and go to state 174
    MUL    shift, and go to state 175
    DIV    shift, and go to state 176
    MOD    shift, and go to state 177

    $default  reduce using rule 102 (Bool)


State 228

   84 Expr: Expr . PLUS Expr
   85     | Expr . MINUS Expr
   86     | Expr . MUL Expr
   87     | Expr . DIV Expr
   88     | Expr . MOD Expr
  103 Bool: Expr NE Expr .

    PLUS   shift, and go to state 173
    MINUS  shift, and go to state 174
    MUL    shift, and go to state 175
    DIV    shift, and go to state 176
    MOD    shift, and go to state 177

    $default  reduce using rule 103 (Bool)


State 229

  108 Bool: Bool . AND Bool
  108     | Bool AND Bool .
  109     | Bool . OR Bool

    $default  reduce using rule 108 (Bool)


State 230

  108 Bool: Bool . AND Bool
  109     | Bool . OR Bool
  109     | Bool OR Bool .

    $default  reduce using rule 109 (Bool)


State 231

   72 Stmt: IF '(' Bool ')' THEN . Slist ELSE Slist ENDIF ';'
   73     | IF '(' Bool ')' THEN . Slist ENDIF ';'

    ID        shift, and go to state 105
    MUL       shift, and go to state 106
    READ      shift, and go to state 107
    WRITE     shift, and go to state 108
    IF        shift, and go to state 109
    WHILE     shift, and go to state 110
    DO        shift, and go to state 111
    BREAK     shift, and go to state 112
    CONTINUE  shift, and go to state 113
    REPEAT    shift, and go to state 114
    BRKP      shift, and go to state 116
    EXIT      shift, and go to state 117
    INIT      shift, and go to state 118
    FREE      shift, and go to state 119
    '&'       shift, and go to state 120

    Slist  go to state 241
    Stmt   go to state 122
    id     go to state 123
    Field  go to state 124


State 232

   74 Stmt: WHILE '(' Bool ')' DO . Slist ENDWHILE ';'

    ID        shift, and go to state 105
    MUL       shift, and go to state 106
    READ      shift, and go to state 107
    WRITE     shift, and go to state 108
    IF        shift, and go to state 109
    WHILE     shift, and go to state 110
    DO        shift, and go to state 111
    BREAK     shift, and go to state 112
    CONTINUE  shift, and go to state 113
    REPEAT    shift, and go to state 114
    BRKP      shift, and go to state 116
    EXIT      shift, and go to state 117
    INIT      shift, and go to state 118
    FREE      shift, and go to state 119
    '&'       shift, and go to state 120

    Slist  go to state 242
    Stmt   go to state 122
    id     go to state 123
    Field  go to state 124


State 233

   74 Stmt: WHILE '(' Bool . ')' DO Slist ENDWHILE ';'
   76     | DO Slist WHILE '(' Bool . ')' ';'
  108 Bool: Bool . AND Bool
  109     | Bool . OR Bool

    AND  shift, and go to state 198
    OR   shift, and go to state 199
    ')'  shift, and go to state 243


State 234

   75 Stmt: REPEAT Slist UNTIL '(' Bool . ')' ';'
  108 Bool: Bool . AND Bool
  109     | Bool . OR Bool

    AND  shift, and go to state 198
    OR   shift, and go to state 199
    ')'  shift, and go to state 244


State 235

   96 ArgList: ArgList ',' . Expr

    NUM     shift, and go to state 140
    ID      shift, and go to state 141
    STRING  shift, and go to state 142
    MUL     shift, and go to state 106
    NUL     shift, and go to state 143
    '('     shift, and go to state 144
    '&'     shift, and go to state 120

    Expr   go to state 245
    id     go to state 146
    Field  go to state 124


State 236

   95 Expr: ID '(' ArgList ')' .

    $default  reduce using rule 95 (Expr)


State 237

   83 Stmt: FREE '(' id ')' ';' .

    $default  reduce using rule 83 (Stmt)


State 238

   64 Body: BEG Slist RETURN Expr ';' END .

    $default  reduce using rule 64 (Body)


State 239

   82 Stmt: id EQ ALLOC '(' ')' . ';'

    ';'  shift, and go to state 246


State 240

   44 FDef: Type ID '(' $@8 ParamList ')' $@9 '{' $@10 LDeclBlock $@11 Body '}' .

    $default  reduce using rule 44 (FDef)


State 241

   66 Slist: Slist . Stmt
   72 Stmt: IF '(' Bool ')' THEN Slist . ELSE Slist ENDIF ';'
   73     | IF '(' Bool ')' THEN Slist . ENDIF ';'

    ID        shift, and go to state 105
    MUL       shift, and go to state 106
    READ      shift, and go to state 107
    WRITE     shift, and go to state 108
    IF        shift, and go to state 109
    ELSE      shift, and go to state 247
    ENDIF     shift, and go to state 248
    WHILE     shift, and go to state 110
    DO        shift, and go to state 111
    BREAK     shift, and go to state 112
    CONTINUE  shift, and go to state 113
    REPEAT    shift, and go to state 114
    BRKP      shift, and go to state 116
    EXIT      shift, and go to state 117
    INIT      shift, and go to state 118
    FREE      shift, and go to state 119
    '&'       shift, and go to state 120

    Stmt   go to state 153
    id     go to state 123
    Field  go to state 124


State 242

   66 Slist: Slist . Stmt
   74 Stmt: WHILE '(' Bool ')' DO Slist . ENDWHILE ';'

    ID        shift, and go to state 105
    MUL       shift, and go to state 106
    READ      shift, and go to state 107
    WRITE     shift, and go to state 108
    IF        shift, and go to state 109
    WHILE     shift, and go to state 110
    DO        shift, and go to state 111
    ENDWHILE  shift, and go to state 249
    BREAK     shift, and go to state 112
    CONTINUE  shift, and go to state 113
    REPEAT    shift, and go to state 114
    BRKP      shift, and go to state 116
    EXIT      shift, and go to state 117
    INIT      shift, and go to state 118
    FREE      shift, and go to state 119
    '&'       shift, and go to state 120

    Stmt   go to state 153
    id     go to state 123
    Field  go to state 124


State 243

   74 Stmt: WHILE '(' Bool ')' . DO Slist ENDWHILE ';'
   76     | DO Slist WHILE '(' Bool ')' . ';'

    DO   shift, and go to state 232
    ';'  shift, and go to state 250


State 244

   75 Stmt: REPEAT Slist UNTIL '(' Bool ')' . ';'

    ';'  shift, and go to state 251


State 245

   84 Expr: Expr . PLUS Expr
   85     | Expr . MINUS Expr
   86     | Expr . MUL Expr
   87     | Expr . DIV Expr
   88     | Expr . MOD Expr
   96 ArgList: ArgList ',' Expr .

    PLUS   shift, and go to state 173
    MINUS  shift, and go to state 174
    MUL    shift, and go to state 175
    DIV    shift, and go to state 176
    MOD    shift, and go to state 177

    $default  reduce using rule 96 (ArgList)


State 246

   82 Stmt: id EQ ALLOC '(' ')' ';' .

    $default  reduce using rule 82 (Stmt)


State 247

   72 Stmt: IF '(' Bool ')' THEN Slist ELSE . Slist ENDIF ';'

    ID        shift, and go to state 105
    MUL       shift, and go to state 106
    READ      shift, and go to state 107
    WRITE     shift, and go to state 108
    IF        shift, and go to state 109
    WHILE     shift, and go to state 110
    DO        shift, and go to state 111
    BREAK     shift, and go to state 112
    CONTINUE  shift, and go to state 113
    REPEAT    shift, and go to state 114
    BRKP      shift, and go to state 116
    EXIT      shift, and go to state 117
    INIT      shift, and go to state 118
    FREE      shift, and go to state 119
    '&'       shift, and go to state 120

    Slist  go to state 252
    Stmt   go to state 122
    id     go to state 123
    Field  go to state 124


State 248

   73 Stmt: IF '(' Bool ')' THEN Slist ENDIF . ';'

    ';'  shift, and go to state 253


State 249

   74 Stmt: WHILE '(' Bool ')' DO Slist ENDWHILE . ';'

    ';'  shift, and go to state 254


State 250

   76 Stmt: DO Slist WHILE '(' Bool ')' ';' .

    $default  reduce using rule 76 (Stmt)


State 251

   75 Stmt: REPEAT Slist UNTIL '(' Bool ')' ';' .

    $default  reduce using rule 75 (Stmt)


State 252

   66 Slist: Slist . Stmt
   72 Stmt: IF '(' Bool ')' THEN Slist ELSE Slist . ENDIF ';'

    ID        shift, and go to state 105
    MUL       shift, and go to state 106
    READ      shift, and go to state 107
    WRITE     shift, and go to state 108
    IF        shift, and go to state 109
    ENDIF     shift, and go to state 255
    WHILE     shift, and go to state 110
    DO        shift, and go to state 111
    BREAK     shift, and go to state 112
    CONTINUE  shift, and go to state 113
    REPEAT    shift, and go to state 114
    BRKP      shift, and go to state 116
    EXIT      shift, and go to state 117
    INIT      shift, and go to state 118
    FREE      shift, and go to state 119
    '&'       shift, and go to state 120

    Stmt   go to state 153
    id     go to state 123
    Field  go to state 124


State 253

   73 Stmt: IF '(' Bool ')' THEN Slist ENDIF ';' .

    $default  reduce using rule 73 (Stmt)


State 254

   74 Stmt: WHILE '(' Bool ')' DO Slist ENDWHILE ';' .

    $default  reduce using rule 74 (Stmt)


State 255

   72 Stmt: IF '(' Bool ')' THEN Slist ELSE Slist ENDIF . ';'

    ';'  shift, and go to state 256


State 256

   72 Stmt: IF '(' Bool ')' THEN Slist ELSE Slist ENDIF ';' .

    $default  reduce using rule 72 (Stmt)
